<?xml version="1.0" encoding="UTF-8"?>
<!-- Generated by org.testng.reporters.JUnitXMLReporter -->
<testsuite hostname="DESKTOP-8OBLECF" ignored="0" name="Default test" tests="3" failures="0" timestamp="2021-09-10T21:41:54 IST" time="41.386" errors="0">
  <testcase name="loginTest" time="6.342" classname="com.learnautomation.hybrid.testcases.LoginTest"/>
  <testcase name="createUser" time="9.565" classname="com.learnautomation.hybrid.testcases.LoginTest"/>
  <testcase name="createUser" time="8.552" classname="com.learnautomation.hybrid.testcases.LoginTest"/>
</testsuite> <!-- Default test -->
