<?xml version="1.0" encoding="UTF-8"?>
<!-- Generated by org.testng.reporters.JUnitXMLReporter -->
<testsuite hostname="DESKTOP-8OBLECF" ignored="1" name="Test" tests="2" failures="0" timestamp="2021-09-11T10:03:57 IST" time="39.82" errors="0">
  <testcase name="loginTest" time="7.8" classname="com.learnautomation.hybrid.testcases.LoginTest"/>
  <testcase name="createAccountNew" time="10.236" classname="com.learnautomation.hybrid.testcases.LoginTest"/>
  <testcase name="createAccount" time="0.0" classname="com.learnautomation.hybrid.testcases.LoginTest">
    <ignored/>
  </testcase> <!-- createAccount -->
</testsuite> <!-- Test -->
