<?xml version="1.0" encoding="UTF-8"?>
<testng-results skipped="0" failed="0" ignored="1" total="3" passed="2">
  <reporter-output>
  </reporter-output>
  <suite name="Suite" duration-ms="39820" started-at="2021-09-11T10:03:17 IST" finished-at="2021-09-11T10:03:56 IST">
    <groups>
    </groups>
    <test name="Test" duration-ms="39820" started-at="2021-09-11T10:03:17 IST" finished-at="2021-09-11T10:03:56 IST">
      <class name="com.learnautomation.hybrid.testcases.LoginTest">
        <test-method status="PASS" signature="setup()[pri:0, instance:com.learnautomation.hybrid.testcases.LoginTest@21507a04]" name="setup" is-config="true" duration-ms="16385" started-at="2021-09-11T10:03:17 IST" finished-at="2021-09-11T10:03:33 IST">
          <reporter-output>
          </reporter-output>
        </test-method> <!-- setup -->
        <test-method status="PASS" signature="setupDriver()[pri:0, instance:com.learnautomation.hybrid.testcases.LoginTest@21507a04]" name="setupDriver" is-config="true" duration-ms="1" started-at="2021-09-11T10:03:36 IST" finished-at="2021-09-11T10:03:36 IST">
          <reporter-output>
          </reporter-output>
        </test-method> <!-- setupDriver -->
        <test-method status="PASS" signature="loginTest(java.lang.String,java.lang.String)[pri:1, instance:com.learnautomation.hybrid.testcases.LoginTest@21507a04]" name="loginTest" duration-ms="7800" started-at="2021-09-11T10:03:36 IST" data-provider="Login" finished-at="2021-09-11T10:03:44 IST">
          <params>
            <param index="0">
              <value>
                <![CDATA[admin]]>
              </value>
            </param>
            <param index="1">
              <value>
                <![CDATA[admin123]]>
              </value>
            </param>
          </params>
          <reporter-output>
          </reporter-output>
        </test-method> <!-- loginTest -->
        <test-method status="PASS" signature="setupDriver()[pri:0, instance:com.learnautomation.hybrid.testcases.LoginTest@21507a04]" name="setupDriver" is-config="true" duration-ms="0" started-at="2021-09-11T10:03:44 IST" finished-at="2021-09-11T10:03:44 IST">
          <reporter-output>
          </reporter-output>
        </test-method> <!-- setupDriver -->
        <test-method status="PASS" signature="createAccountNew()[pri:2, instance:com.learnautomation.hybrid.testcases.LoginTest@21507a04]" name="createAccountNew" duration-ms="10236" started-at="2021-09-11T10:03:44 IST" finished-at="2021-09-11T10:03:54 IST">
          <reporter-output>
          </reporter-output>
        </test-method> <!-- createAccountNew -->
        <test-method status="PASS" signature="tearDown()[pri:0, instance:com.learnautomation.hybrid.testcases.LoginTest@21507a04]" name="tearDown" is-config="true" duration-ms="1992" started-at="2021-09-11T10:03:54 IST" finished-at="2021-09-11T10:03:56 IST">
          <reporter-output>
          </reporter-output>
        </test-method> <!-- tearDown -->
      </class> <!-- com.learnautomation.hybrid.testcases.LoginTest -->
    </test> <!-- Test -->
  </suite> <!-- Suite -->
</testng-results>
